[25370] 2019-08-09 15:51:04,874 - cortix - INFO - Created Cortix object 
_____________________________________________________________________________
                             L A U N C H I N G                               
_____________________________________________________________________________
      ...                                        s       .     (TAAG Fraktur)
   xH88"`~ .x8X                                 :8      @88>
 :8888   .f"8888Hf        u.      .u    .      .88      %8P      uL   ..
:8888>  X8L  ^""`   ...ue888b   .d88B :@8c    :888ooo    .     .@88b  @88R
X8888  X888h        888R Y888r ="8888f8888r -*8888888  .@88u  ""Y888k/"*P
88888  !88888.      888R I888>   4888>"88"    8888    888E`    Y888L
88888   %88888      888R I888>   4888> "      8888      888E      8888
88888 `> `8888>     888R I888>   4888>        8888      888E      `888N
`8888L %  ?888   ! u8888cJ888   .d888L .+    .8888Lu=   888E   .u./"888&
 `8888  `-*""   /   "*888*P"    ^"8888*"     ^%888*     888&  d888" Y888*"
   "888.      :"      "Y"          "Y"         "Y"      R888" ` "Y   Y"
     `""***~"`                                           ""
                             https://cortix.org                              
_____________________________________________________________________________
[25370] 2019-08-09 15:51:05,045 - cortix - INFO - Launching Module <cortix.examples.vortex.Vortex object at 0x7f2adab9ff60>
[25370] 2019-08-09 15:51:05,048 - cortix - INFO - Launching Module <cortix.examples.droplet.Droplet object at 0x7f2adab9ff28>
[25370] 2019-08-09 15:51:05,049 - cortix - INFO - Vortex::time[min] = 0.0
[25370] 2019-08-09 15:51:05,052 - cortix - INFO - Launching Module <cortix.examples.droplet.Droplet object at 0x7f2adab5b400>
[25370] 2019-08-09 15:51:05,057 - cortix - INFO - Launching Module <cortix.examples.droplet.Droplet object at 0x7f2adab5bdd8>
[25370] 2019-08-09 15:51:05,062 - cortix - INFO - Launching Module <cortix.examples.droplet.Droplet object at 0x7f2adab62780>
[25370] 2019-08-09 15:51:05,069 - cortix - INFO - Launching Module <cortix.examples.droplet.Droplet object at 0x7f2adab6a128>
[25370] 2019-08-09 15:51:05,089 - cortix - INFO - Vortex::time[min] = 0.0
[25370] 2019-08-09 15:51:14,764 - cortix - INFO - Module <cortix.examples.droplet.Droplet object at 0x7f2adab5b400> getting new state
[25370] 2019-08-09 15:51:14,769 - cortix - INFO - Module <cortix.examples.droplet.Droplet object at 0x7f2adab9ff28> getting new state
[25370] 2019-08-09 15:51:14,782 - cortix - INFO - Module <cortix.examples.droplet.Droplet object at 0x7f2adab62780> getting new state
[25370] 2019-08-09 15:51:14,789 - cortix - INFO - Module <cortix.examples.droplet.Droplet object at 0x7f2adab6a128> getting new state
[25370] 2019-08-09 15:51:14,792 - cortix - INFO - Module <cortix.examples.droplet.Droplet object at 0x7f2adab5bdd8> getting new state
