------------------------------------------------------
Release Time: 02-28-2014, 1000 UTC
Source:        X133
Puff Release:      0.000 Ci total release
------------------------------------------------------
HOURLY CONCENTRATION AND DEPOSITION
   Date/Time       Dist  1/2Wid  1/2Ht  CntrConc   2SigConc   CntrDep    %Dep
                   (km)    (km)   (km)  (pCi/m3)  (pCi/m3)    (pCi/m2)
------------------------------------------------------------------------------
2014 02 28 10 01   0.180  0.007  0.007  0.000E+00  0.000E+00  0.000E+00   0.00
2014 02 28 10 02   0.360  0.008  0.010  0.000E+00  0.000E+00  0.000E+00   0.00
2014 02 28 10 03   0.540  0.010  0.013  0.000E+00  0.000E+00  0.000E+00   0.00
2014 02 28 10 04   0.720  0.013  0.017  0.000E+00  0.000E+00  0.000E+00   0.00
2014 02 28 10 05   0.900  0.015  0.021  0.000E+00  0.000E+00  0.000E+00   0.00
2014 02 28 10 06   1.080  0.018  0.024  0.000E+00  0.000E+00  0.000E+00   0.00
2014 02 28 10 07   1.260  0.020  0.028  0.000E+00  0.000E+00  0.000E+00   0.00
2014 02 28 10 08   1.440  0.023  0.032  0.000E+00  0.000E+00  0.000E+00   0.00
2014 02 28 10 09   1.620  0.026  0.035  0.000E+00  0.000E+00  0.000E+00   0.00
2014 02 28 10 10   1.800  0.028  0.038  0.000E+00  0.000E+00  0.000E+00   0.00
2014 02 28 10 11   1.980  0.031  0.040  0.000E+00  0.000E+00  0.000E+00   0.00
2014 02 28 10 12   2.160  0.034  0.042  0.000E+00  0.000E+00  0.000E+00   0.00
2014 02 28 10 13   2.340  0.036  0.044  0.000E+00  0.000E+00  0.000E+00   0.00
2014 02 28 10 14   2.520  0.039  0.046  0.000E+00  0.000E+00  0.000E+00   0.00
2014 02 28 10 15   2.700  0.042  0.048  0.000E+00  0.000E+00  0.000E+00   0.00
2014 02 28 10 16   2.880  0.045  0.050  0.000E+00  0.000E+00  0.000E+00   0.00
2014 02 28 10 17   3.060  0.047  0.051  0.000E+00  0.000E+00  0.000E+00   0.00
2014 02 28 10 18   3.240  0.050  0.053  0.000E+00  0.000E+00  0.000E+00   0.00
2014 02 28 10 19   3.420  0.053  0.054  0.000E+00  0.000E+00  0.000E+00   0.00
2014 02 28 10 20   3.600  0.056  0.056  0.000E+00  0.000E+00  0.000E+00   0.00
2014 02 28 10 21   3.780  0.058  0.057  0.000E+00  0.000E+00  0.000E+00   0.00
2014 02 28 10 22   3.960  0.061  0.058  0.000E+00  0.000E+00  0.000E+00   0.00
2014 02 28 10 23   4.140  0.064  0.059  0.000E+00  0.000E+00  0.000E+00   0.00
2014 02 28 10 24   4.320  0.067  0.061  0.000E+00  0.000E+00  0.000E+00   0.00
2014 02 28 10 25   4.500  0.069  0.062  0.000E+00  0.000E+00  0.000E+00   0.00
2014 02 28 10 26   4.680  0.072  0.063  0.000E+00  0.000E+00  0.000E+00   0.00
2014 02 28 10 27   4.860  0.075  0.064  0.000E+00  0.000E+00  0.000E+00   0.00
2014 02 28 10 28   5.040  0.078  0.064  0.000E+00  0.000E+00  0.000E+00   0.00
2014 02 28 10 29   5.220  0.080  0.065  0.000E+00  0.000E+00  0.000E+00   0.00
2014 02 28 10 30   5.400  0.083  0.066  0.000E+00  0.000E+00  0.000E+00   0.00
2014 02 28 10 31   5.580  0.086  0.067  0.000E+00  0.000E+00  0.000E+00   0.00
2014 02 28 10 32   5.760  0.089  0.068  0.000E+00  0.000E+00  0.000E+00   0.00
2014 02 28 10 33   5.940  0.091  0.069  0.000E+00  0.000E+00  0.000E+00   0.00
2014 02 28 10 34   6.120  0.094  0.069  0.000E+00  0.000E+00  0.000E+00   0.00
2014 02 28 10 35   6.300  0.097  0.070  0.000E+00  0.000E+00  0.000E+00   0.00
2014 02 28 10 36   6.480  0.100  0.071  0.000E+00  0.000E+00  0.000E+00   0.00
2014 02 28 10 37   6.660  0.102  0.071  0.000E+00  0.000E+00  0.000E+00   0.00
2014 02 28 10 38   6.840  0.105  0.072  0.000E+00  0.000E+00  0.000E+00   0.00
2014 02 28 10 39   7.020  0.108  0.073  0.000E+00  0.000E+00  0.000E+00   0.00
2014 02 28 10 40   7.200  0.111  0.073  0.000E+00  0.000E+00  0.000E+00   0.00
2014 02 28 10 41   7.380  0.114  0.074  0.000E+00  0.000E+00  0.000E+00   0.00
2014 02 28 10 42   7.560  0.116  0.074  0.000E+00  0.000E+00  0.000E+00   0.00
2014 02 28 10 43   7.740  0.119  0.075  0.000E+00  0.000E+00  0.000E+00   0.00
2014 02 28 10 44   7.920  0.122  0.075  0.000E+00  0.000E+00  0.000E+00   0.00
2014 02 28 10 45   8.100  0.125  0.076  0.000E+00  0.000E+00  0.000E+00   0.00
2014 02 28 10 46   8.280  0.127  0.076  0.000E+00  0.000E+00  0.000E+00   0.00
2014 02 28 10 47   8.460  0.130  0.077  0.000E+00  0.000E+00  0.000E+00   0.00
2014 02 28 10 48   8.640  0.133  0.077  0.000E+00  0.000E+00  0.000E+00   0.00
2014 02 28 10 49   8.820  0.136  0.078  0.000E+00  0.000E+00  0.000E+00   0.00
2014 02 28 10 50   9.000  0.138  0.078  0.000E+00  0.000E+00  0.000E+00   0.00
2014 02 28 10 51   9.180  0.141  0.078  0.000E+00  0.000E+00  0.000E+00   0.00
2014 02 28 10 52   9.360  0.144  0.079  0.000E+00  0.000E+00  0.000E+00   0.00
2014 02 28 10 53   9.540  0.147  0.079  0.000E+00  0.000E+00  0.000E+00   0.00
2014 02 28 10 54   9.720  0.149  0.080  0.000E+00  0.000E+00  0.000E+00   0.00
2014 02 28 10 55   9.900  0.152  0.080  0.000E+00  0.000E+00  0.000E+00   0.00
2014 02 28 10 56  10.080  0.155  0.080  0.000E+00  0.000E+00  0.000E+00   0.00
2014 02 28 10 57  10.260  0.158  0.081  0.000E+00  0.000E+00  0.000E+00   0.00
2014 02 28 10 58  10.440  0.160  0.081  0.000E+00  0.000E+00  0.000E+00   0.00
2014 02 28 10 59  10.620  0.163  0.081  0.000E+00  0.000E+00  0.000E+00   0.00
2014 02 28 11 00  10.800  0.166  0.082  0.000E+00  0.000E+00  0.000E+00   0.00
2014 02 28 11 01  10.980  0.169  0.082  0.000E+00  0.000E+00  0.000E+00   0.00
2014 02 28 11 02  11.160  0.172  0.082  0.000E+00  0.000E+00  0.000E+00   0.00
2014 02 28 11 03  11.340  0.174  0.083  0.000E+00  0.000E+00  0.000E+00   0.00
2014 02 28 11 04  11.520  0.177  0.083  0.000E+00  0.000E+00  0.000E+00   0.00
2014 02 28 11 05  11.700  0.180  0.083  0.000E+00  0.000E+00  0.000E+00   0.00
2014 02 28 11 06  11.880  0.183  0.084  0.000E+00  0.000E+00  0.000E+00   0.00
2014 02 28 11 07  12.060  0.185  0.084  0.000E+00  0.000E+00  0.000E+00   0.00
2014 02 28 11 08  12.240  0.188  0.084  0.000E+00  0.000E+00  0.000E+00   0.00
2014 02 28 11 09  12.420  0.191  0.084  0.000E+00  0.000E+00  0.000E+00   0.00
2014 02 28 11 10  12.600  0.194  0.085  0.000E+00  0.000E+00  0.000E+00   0.00
2014 02 28 11 11  12.780  0.196  0.085  0.000E+00  0.000E+00  0.000E+00   0.00
2014 02 28 11 12  12.960  0.199  0.085  0.000E+00  0.000E+00  0.000E+00   0.00
2014 02 28 11 13  13.140  0.202  0.085  0.000E+00  0.000E+00  0.000E+00   0.00
2014 02 28 11 14  13.320  0.205  0.086  0.000E+00  0.000E+00  0.000E+00   0.00
2014 02 28 11 15  13.500  0.207  0.086  0.000E+00  0.000E+00  0.000E+00   0.00
2014 02 28 11 16  13.680  0.210  0.086  0.000E+00  0.000E+00  0.000E+00   0.00
2014 02 28 11 17  13.860  0.213  0.086  0.000E+00  0.000E+00  0.000E+00   0.00
2014 02 28 11 18  14.040  0.216  0.086  0.000E+00  0.000E+00  0.000E+00   0.00
2014 02 28 11 19  14.220  0.218  0.087  0.000E+00  0.000E+00  0.000E+00   0.00
2014 02 28 11 20  14.400  0.221  0.087  0.000E+00  0.000E+00  0.000E+00   0.00
2014 02 28 11 21  14.580  0.224  0.087  0.000E+00  0.000E+00  0.000E+00   0.00
2014 02 28 11 22  14.760  0.227  0.087  0.000E+00  0.000E+00  0.000E+00   0.00
2014 02 28 11 23  14.940  0.230  0.087  0.000E+00  0.000E+00  0.000E+00   0.00
2014 02 28 11 24  15.120  0.232  0.088  0.000E+00  0.000E+00  0.000E+00   0.00
2014 02 28 11 25  15.300  0.235  0.088  0.000E+00  0.000E+00  0.000E+00   0.00
2014 02 28 11 26  15.480  0.238  0.088  0.000E+00  0.000E+00  0.000E+00   0.00
2014 02 28 11 27  15.660  0.241  0.088  0.000E+00  0.000E+00  0.000E+00   0.00
2014 02 28 11 28  15.840  0.243  0.088  0.000E+00  0.000E+00  0.000E+00   0.00
2014 02 28 11 29  16.020  0.246  0.089  0.000E+00  0.000E+00  0.000E+00   0.00
2014 02 28 11 30  16.200  0.249  0.089  0.000E+00  0.000E+00  0.000E+00   0.00
2014 02 28 11 31  16.380  0.252  0.089  0.000E+00  0.000E+00  0.000E+00   0.00
2014 02 28 11 32  16.560  0.254  0.089  0.000E+00  0.000E+00  0.000E+00   0.00
2014 02 28 11 33  16.740  0.257  0.089  0.000E+00  0.000E+00  0.000E+00   0.00
2014 02 28 11 34  16.920  0.260  0.089  0.000E+00  0.000E+00  0.000E+00   0.00
2014 02 28 11 35  17.100  0.263  0.089  0.000E+00  0.000E+00  0.000E+00   0.00
2014 02 28 11 36  17.280  0.265  0.090  0.000E+00  0.000E+00  0.000E+00   0.00
2014 02 28 11 37  17.460  0.268  0.090  0.000E+00  0.000E+00  0.000E+00   0.00
2014 02 28 11 38  17.640  0.271  0.090  0.000E+00  0.000E+00  0.000E+00   0.00
2014 02 28 11 39  17.820  0.274  0.090  0.000E+00  0.000E+00  0.000E+00   0.00
2014 02 28 11 40  18.000  0.277  0.090  0.000E+00  0.000E+00  0.000E+00   0.00
2014 02 28 11 41  18.180  0.279  0.090  0.000E+00  0.000E+00  0.000E+00   0.00
2014 02 28 11 42  18.360  0.282  0.090  0.000E+00  0.000E+00  0.000E+00   0.00
2014 02 28 11 43  18.540  0.285  0.091  0.000E+00  0.000E+00  0.000E+00   0.00
2014 02 28 11 44  18.720  0.288  0.091  0.000E+00  0.000E+00  0.000E+00   0.00
2014 02 28 11 45  18.900  0.290  0.091  0.000E+00  0.000E+00  0.000E+00   0.00
2014 02 28 11 46  19.080  0.293  0.091  0.000E+00  0.000E+00  0.000E+00   0.00
2014 02 28 11 47  19.260  0.296  0.091  0.000E+00  0.000E+00  0.000E+00   0.00
2014 02 28 11 48  19.440  0.299  0.091  0.000E+00  0.000E+00  0.000E+00   0.00
2014 02 28 11 49  19.620  0.301  0.091  0.000E+00  0.000E+00  0.000E+00   0.00
2014 02 28 11 50  19.800  0.304  0.091  0.000E+00  0.000E+00  0.000E+00   0.00
2014 02 28 11 51  19.980  0.307  0.092  0.000E+00  0.000E+00  0.000E+00   0.00
2014 02 28 11 52  20.160  0.310  0.092  0.000E+00  0.000E+00  0.000E+00   0.00
2014 02 28 11 53  20.340  0.312  0.092  0.000E+00  0.000E+00  0.000E+00   0.00
2014 02 28 11 54  20.520  0.315  0.092  0.000E+00  0.000E+00  0.000E+00   0.00
2014 02 28 11 55  20.700  0.318  0.092  0.000E+00  0.000E+00  0.000E+00   0.00
2014 02 28 11 56  20.880  0.321  0.092  0.000E+00  0.000E+00  0.000E+00   0.00
2014 02 28 11 57  21.060  0.324  0.092  0.000E+00  0.000E+00  0.000E+00   0.00
2014 02 28 11 58  21.240  0.326  0.092  0.000E+00  0.000E+00  0.000E+00   0.00
2014 02 28 11 59  21.420  0.329  0.093  0.000E+00  0.000E+00  0.000E+00   0.00
------------------------------------------------------
------------------------------------------------------
------------------------------------------------------
INTEGRATED CONCENTRATION AND DEPOSITION
Hour   CntrConc     2SigConc     CntrDep
        pCi/m3       pCi/m3       pCi/m2
  2  0.00000E+00  0.00000E+00  0.00000E+00
  3  0.00000E+00  0.00000E+00  0.00000E+00
  4  0.00000E+00  0.00000E+00  0.00000E+00
  5  0.00000E+00  0.00000E+00  0.00000E+00
  6  0.00000E+00  0.00000E+00  0.00000E+00
  7  0.00000E+00  0.00000E+00  0.00000E+00
  8  0.00000E+00  0.00000E+00  0.00000E+00
  9  0.00000E+00  0.00000E+00  0.00000E+00
 10  0.00000E+00  0.00000E+00  0.00000E+00
 11  0.00000E+00  0.00000E+00  0.00000E+00
 12  0.00000E+00  0.00000E+00  0.00000E+00
 13  0.00000E+00  0.00000E+00  0.00000E+00
 14  0.00000E+00  0.00000E+00  0.00000E+00
 15  0.00000E+00  0.00000E+00  0.00000E+00
 16  0.00000E+00  0.00000E+00  0.00000E+00
 17  0.00000E+00  0.00000E+00  0.00000E+00
 18  0.00000E+00  0.00000E+00  0.00000E+00
 19  0.00000E+00  0.00000E+00  0.00000E+00
 20  0.00000E+00  0.00000E+00  0.00000E+00
 21  0.00000E+00  0.00000E+00  0.00000E+00
 22  0.00000E+00  0.00000E+00  0.00000E+00
 23  0.00000E+00  0.00000E+00  0.00000E+00
 24  0.00000E+00  0.00000E+00  0.00000E+00
 25  0.00000E+00  0.00000E+00  0.00000E+00
 26  0.00000E+00  0.00000E+00  0.00000E+00
 27  0.00000E+00  0.00000E+00  0.00000E+00
 28  0.00000E+00  0.00000E+00  0.00000E+00
 29  0.00000E+00  0.00000E+00  0.00000E+00
 30  0.00000E+00  0.00000E+00  0.00000E+00
 31  0.00000E+00  0.00000E+00  0.00000E+00
 32  0.00000E+00  0.00000E+00  0.00000E+00
 33  0.00000E+00  0.00000E+00  0.00000E+00
 34  0.00000E+00  0.00000E+00  0.00000E+00
 35  0.00000E+00  0.00000E+00  0.00000E+00
 36  0.00000E+00  0.00000E+00  0.00000E+00
 37  0.00000E+00  0.00000E+00  0.00000E+00
 38  0.00000E+00  0.00000E+00  0.00000E+00
 39  0.00000E+00  0.00000E+00  0.00000E+00
 40  0.00000E+00  0.00000E+00  0.00000E+00
 41  0.00000E+00  0.00000E+00  0.00000E+00
 42  0.00000E+00  0.00000E+00  0.00000E+00
 43  0.00000E+00  0.00000E+00  0.00000E+00
 44  0.00000E+00  0.00000E+00  0.00000E+00
 45  0.00000E+00  0.00000E+00  0.00000E+00
 46  0.00000E+00  0.00000E+00  0.00000E+00
 47  0.00000E+00  0.00000E+00  0.00000E+00
 48  0.00000E+00  0.00000E+00  0.00000E+00
 49  0.00000E+00  0.00000E+00  0.00000E+00
 50  0.00000E+00  0.00000E+00  0.00000E+00
 51  0.00000E+00  0.00000E+00  0.00000E+00
 52  0.00000E+00  0.00000E+00  0.00000E+00
 53  0.00000E+00  0.00000E+00  0.00000E+00
 54  0.00000E+00  0.00000E+00  0.00000E+00
 55  0.00000E+00  0.00000E+00  0.00000E+00
 56  0.00000E+00  0.00000E+00  0.00000E+00
 57  0.00000E+00  0.00000E+00  0.00000E+00
 58  0.00000E+00  0.00000E+00  0.00000E+00
 59  0.00000E+00  0.00000E+00  0.00000E+00
 60  0.00000E+00  0.00000E+00  0.00000E+00
 61  0.00000E+00  0.00000E+00  0.00000E+00
 62  0.00000E+00  0.00000E+00  0.00000E+00
 63  0.00000E+00  0.00000E+00  0.00000E+00
 64  0.00000E+00  0.00000E+00  0.00000E+00
 65  0.00000E+00  0.00000E+00  0.00000E+00
 66  0.00000E+00  0.00000E+00  0.00000E+00
 67  0.00000E+00  0.00000E+00  0.00000E+00
 68  0.00000E+00  0.00000E+00  0.00000E+00
 69  0.00000E+00  0.00000E+00  0.00000E+00
 70  0.00000E+00  0.00000E+00  0.00000E+00
 71  0.00000E+00  0.00000E+00  0.00000E+00
 72  0.00000E+00  0.00000E+00  0.00000E+00
 73  0.00000E+00  0.00000E+00  0.00000E+00
 74  0.00000E+00  0.00000E+00  0.00000E+00
 75  0.00000E+00  0.00000E+00  0.00000E+00
 76  0.00000E+00  0.00000E+00  0.00000E+00
 77  0.00000E+00  0.00000E+00  0.00000E+00
 78  0.00000E+00  0.00000E+00  0.00000E+00
 79  0.00000E+00  0.00000E+00  0.00000E+00
 80  0.00000E+00  0.00000E+00  0.00000E+00
 81  0.00000E+00  0.00000E+00  0.00000E+00
 82  0.00000E+00  0.00000E+00  0.00000E+00
 83  0.00000E+00  0.00000E+00  0.00000E+00
 84  0.00000E+00  0.00000E+00  0.00000E+00
 85  0.00000E+00  0.00000E+00  0.00000E+00
 86  0.00000E+00  0.00000E+00  0.00000E+00
 87  0.00000E+00  0.00000E+00  0.00000E+00
 88  0.00000E+00  0.00000E+00  0.00000E+00
 89  0.00000E+00  0.00000E+00  0.00000E+00
 90  0.00000E+00  0.00000E+00  0.00000E+00
 91  0.00000E+00  0.00000E+00  0.00000E+00
 92  0.00000E+00  0.00000E+00  0.00000E+00
 93  0.00000E+00  0.00000E+00  0.00000E+00
 94  0.00000E+00  0.00000E+00  0.00000E+00
 95  0.00000E+00  0.00000E+00  0.00000E+00
 96  0.00000E+00  0.00000E+00  0.00000E+00
 97  0.00000E+00  0.00000E+00  0.00000E+00
 98  0.00000E+00  0.00000E+00  0.00000E+00
 99  0.00000E+00  0.00000E+00  0.00000E+00
100  0.00000E+00  0.00000E+00  0.00000E+00
101  0.00000E+00  0.00000E+00  0.00000E+00
102  0.00000E+00  0.00000E+00  0.00000E+00
103  0.00000E+00  0.00000E+00  0.00000E+00
104  0.00000E+00  0.00000E+00  0.00000E+00
105  0.00000E+00  0.00000E+00  0.00000E+00
106  0.00000E+00  0.00000E+00  0.00000E+00
107  0.00000E+00  0.00000E+00  0.00000E+00
108  0.00000E+00  0.00000E+00  0.00000E+00
109  0.00000E+00  0.00000E+00  0.00000E+00
110  0.00000E+00  0.00000E+00  0.00000E+00
111  0.00000E+00  0.00000E+00  0.00000E+00
112  0.00000E+00  0.00000E+00  0.00000E+00
113  0.00000E+00  0.00000E+00  0.00000E+00
114  0.00000E+00  0.00000E+00  0.00000E+00
115  0.00000E+00  0.00000E+00  0.00000E+00
116  0.00000E+00  0.00000E+00  0.00000E+00
117  0.00000E+00  0.00000E+00  0.00000E+00
118  0.00000E+00  0.00000E+00  0.00000E+00
119  0.00000E+00  0.00000E+00  0.00000E+00
120  0.00000E+00  0.00000E+00  0.00000E+00
