\BOOKMARK [0][-]{chapter.1}{\376\377\000s\000r\000c}{}% 1
\BOOKMARK [1][-]{section.1.1}{\376\377\000c\000o\000r\000t\000i\000x\000\137\000m\000a\000i\000n}{chapter.1}% 2
\BOOKMARK [1][-]{section.1.2}{\376\377\000m\000o\000d\000u\000l\000e\000\040\000m\000o\000d\000u\000l\000e}{chapter.1}% 3
\BOOKMARK [1][-]{section.1.3}{\376\377\000n\000e\000t\000w\000o\000r\000k\000\040\000m\000o\000d\000u\000l\000e}{chapter.1}% 4
\BOOKMARK [1][-]{section.1.4}{\376\377\000p\000o\000r\000t\000\040\000m\000o\000d\000u\000l\000e}{chapter.1}% 5
\BOOKMARK [0][-]{chapter.2}{\376\377\000e\000x\000a\000m\000p\000l\000e\000s}{}% 6
\BOOKMARK [1][-]{section.2.1}{\376\377\000a\000d\000j\000u\000d\000i\000c\000a\000t\000i\000o\000n\000\040\000m\000o\000d\000u\000l\000e}{chapter.2}% 7
\BOOKMARK [1][-]{section.2.2}{\376\377\000a\000r\000r\000e\000s\000t\000e\000d\000\040\000m\000o\000d\000u\000l\000e}{chapter.2}% 8
\BOOKMARK [1][-]{section.2.3}{\376\377\000b\000o\000d\000y\000\040\000m\000o\000d\000u\000l\000e}{chapter.2}% 9
\BOOKMARK [1][-]{section.2.4}{\376\377\000c\000o\000m\000m\000u\000n\000i\000t\000y\000\040\000m\000o\000d\000u\000l\000e}{chapter.2}% 10
\BOOKMARK [1][-]{section.2.5}{\376\377\000d\000a\000t\000a\000p\000l\000o\000t\000\040\000m\000o\000d\000u\000l\000e}{chapter.2}% 11
\BOOKMARK [1][-]{section.2.6}{\376\377\000d\000r\000o\000p\000l\000e\000t\000\040\000m\000o\000d\000u\000l\000e}{chapter.2}% 12
\BOOKMARK [1][-]{section.2.7}{\376\377\000d\000u\000m\000m\000y\000\137\000m\000o\000d\000u\000l\000e\000\040\000m\000o\000d\000u\000l\000e}{chapter.2}% 13
\BOOKMARK [1][-]{section.2.8}{\376\377\000j\000a\000i\000l\000\040\000m\000o\000d\000u\000l\000e}{chapter.2}% 14
\BOOKMARK [1][-]{section.2.9}{\376\377\000p\000a\000r\000o\000l\000e\000\040\000m\000o\000d\000u\000l\000e}{chapter.2}% 15
\BOOKMARK [1][-]{section.2.10}{\376\377\000p\000l\000o\000t\000\137\000d\000a\000t\000a\000\040\000m\000o\000d\000u\000l\000e}{chapter.2}% 16
\BOOKMARK [1][-]{section.2.11}{\376\377\000p\000r\000i\000s\000o\000n\000\040\000m\000o\000d\000u\000l\000e}{chapter.2}% 17
\BOOKMARK [1][-]{section.2.12}{\376\377\000p\000r\000o\000b\000a\000t\000i\000o\000n\000\040\000m\000o\000d\000u\000l\000e}{chapter.2}% 18
\BOOKMARK [1][-]{section.2.13}{\376\377\000r\000u\000n\000\137\000c\000i\000t\000y\000\137\000j\000u\000s\000t\000i\000c\000e\000\040\000m\000o\000d\000u\000l\000e}{chapter.2}% 19
\BOOKMARK [1][-]{section.2.14}{\376\377\000r\000u\000n\000\137\000d\000r\000o\000p\000l\000e\000t\000\137\000s\000w\000i\000r\000l\000\040\000m\000o\000d\000u\000l\000e}{chapter.2}% 20
\BOOKMARK [1][-]{section.2.15}{\376\377\000r\000u\000n\000\137\000d\000r\000o\000p\000l\000e\000t\000\137\000t\000e\000s\000t\000\040\000m\000o\000d\000u\000l\000e}{chapter.2}% 21
\BOOKMARK [1][-]{section.2.16}{\376\377\000r\000u\000n\000\137\000p\000l\000a\000n\000e\000t\000s\000\040\000m\000o\000d\000u\000l\000e}{chapter.2}% 22
\BOOKMARK [1][-]{section.2.17}{\376\377\000r\000u\000n\000\137\000r\000e\000g\000i\000o\000n\000\137\000j\000u\000s\000t\000i\000c\000e\000\040\000m\000o\000d\000u\000l\000e}{chapter.2}% 23
\BOOKMARK [1][-]{section.2.18}{\376\377\000s\000t\000a\000t\000e\000\040\000m\000o\000d\000u\000l\000e}{chapter.2}% 24
\BOOKMARK [1][-]{section.2.19}{\376\377\000v\000o\000r\000t\000e\000x\000\040\000m\000o\000d\000u\000l\000e}{chapter.2}% 25
\BOOKMARK [0][-]{chapter.3}{\376\377\000s\000u\000p\000p\000o\000r\000t}{}% 26
\BOOKMARK [1][-]{section.3.1}{\376\377\000a\000c\000t\000o\000r}{chapter.3}% 27
\BOOKMARK [1][-]{section.3.2}{\376\377\000f\000u\000e\000l\000\137\000b\000u\000c\000k\000e\000t}{chapter.3}% 28
\BOOKMARK [1][-]{section.3.3}{\376\377\000f\000u\000e\000l\000\137\000b\000u\000n\000d\000l\000e}{chapter.3}% 29
\BOOKMARK [1][-]{section.3.4}{\376\377\000f\000u\000e\000l\000\137\000s\000e\000g\000m\000e\000n\000t}{chapter.3}% 30
\BOOKMARK [1][-]{section.3.5}{\376\377\000f\000u\000e\000l\000s\000e\000g\000m\000e\000n\000t\000s\000g\000r\000o\000u\000p\000s}{chapter.3}% 31
\BOOKMARK [1][-]{section.3.6}{\376\377\000f\000u\000e\000l\000s\000l\000u\000g}{chapter.3}% 32
\BOOKMARK [1][-]{section.3.7}{\376\377\000n\000u\000c\000l\000i\000d\000e\000s}{chapter.3}% 33
\BOOKMARK [1][-]{section.3.8}{\376\377\000p\000e\000r\000i\000o\000d\000i\000c\000t\000a\000b\000l\000e}{chapter.3}% 34
\BOOKMARK [1][-]{section.3.9}{\376\377\000p\000h\000a\000s\000e}{chapter.3}% 35
\BOOKMARK [1][-]{section.3.10}{\376\377\000q\000u\000a\000n\000t\000i\000t\000y}{chapter.3}% 36
\BOOKMARK [1][-]{section.3.11}{\376\377\000s\000p\000e\000c\000i\000e}{chapter.3}% 37
\BOOKMARK [1][-]{section.3.12}{\376\377\000s\000t\000r\000e\000a\000m}{chapter.3}% 38
\BOOKMARK [0][-]{section*.377}{\376\377\000P\000y\000t\000h\000o\000n\000\040\000M\000o\000d\000u\000l\000e\000\040\000I\000n\000d\000e\000x}{}% 39
\BOOKMARK [0][-]{section*.378}{\376\377\000I\000n\000d\000e\000x}{}% 40
